<?xml version="1.0" encoding="UTF-8" ?>
<testsuite tests="5" failures="4" name="finalprojectB.UrlValidatorTest" time="0.187" errors="0" skipped="0">
  <properties>
    <property name="java.runtime.name" value="Java(TM) SE Runtime Environment"/>
    <property name="sun.boot.library.path" value="/Library/Java/JavaVirtualMachines/jdk1.8.0_131.jdk/Contents/Home/jre/lib"/>
    <property name="java.vm.version" value="25.131-b11"/>
    <property name="gopherProxySet" value="false"/>
    <property name="java.vm.vendor" value="Oracle Corporation"/>
    <property name="maven.multiModuleProjectDirectory" value="/Users/westonse/Desktop/CS362-Final/FinalProject/URLValidatorInCorrect"/>
    <property name="java.vendor.url" value="http://java.oracle.com/"/>
    <property name="path.separator" value=":"/>
    <property name="guice.disable.misplaced.annotation.check" value="true"/>
    <property name="java.vm.name" value="Java HotSpot(TM) 64-Bit Server VM"/>
    <property name="file.encoding.pkg" value="sun.io"/>
    <property name="user.country" value="US"/>
    <property name="sun.java.launcher" value="SUN_STANDARD"/>
    <property name="sun.os.patch.level" value="unknown"/>
    <property name="java.vm.specification.name" value="Java Virtual Machine Specification"/>
    <property name="user.dir" value="/Users/westonse/Desktop/CS362-Final/FinalProject/URLValidatorInCorrect"/>
    <property name="java.runtime.version" value="1.8.0_131-b11"/>
    <property name="java.awt.graphicsenv" value="sun.awt.CGraphicsEnvironment"/>
    <property name="java.endorsed.dirs" value="/Library/Java/JavaVirtualMachines/jdk1.8.0_131.jdk/Contents/Home/jre/lib/endorsed"/>
    <property name="os.arch" value="x86_64"/>
    <property name="java.io.tmpdir" value="/var/folders/fb/g6z29wqs38l0ndn7psl4ry8r0000gn/T/"/>
    <property name="line.separator" value="
"/>
    <property name="java.vm.specification.vendor" value="Oracle Corporation"/>
    <property name="os.name" value="Mac OS X"/>
    <property name="classworlds.conf" value="/usr/local/Cellar/maven/3.5.0/libexec/bin/m2.conf"/>
    <property name="sun.jnu.encoding" value="UTF-8"/>
    <property name="java.library.path" value="/Users/westonse/Library/Java/Extensions:/Library/Java/Extensions:/Network/Library/Java/Extensions:/System/Library/Java/Extensions:/usr/lib/java:."/>
    <property name="maven.conf" value="/usr/local/Cellar/maven/3.5.0/libexec/conf"/>
    <property name="java.specification.name" value="Java Platform API Specification"/>
    <property name="java.class.version" value="52.0"/>
    <property name="sun.management.compiler" value="HotSpot 64-Bit Tiered Compilers"/>
    <property name="os.version" value="10.10.5"/>
    <property name="library.jansi.path" value="/usr/local/Cellar/maven/3.5.0/libexec/lib/jansi-native/osx64"/>
    <property name="http.nonProxyHosts" value="local|*.local|169.254/16|*.169.254/16"/>
    <property name="user.home" value="/Users/westonse"/>
    <property name="user.timezone" value="America/Los_Angeles"/>
    <property name="java.awt.printerjob" value="sun.lwawt.macosx.CPrinterJob"/>
    <property name="java.specification.version" value="1.8"/>
    <property name="file.encoding" value="UTF-8"/>
    <property name="user.name" value="westonse"/>
    <property name="java.class.path" value="/usr/local/Cellar/maven/3.5.0/libexec/boot/plexus-classworlds-2.5.2.jar"/>
    <property name="java.vm.specification.version" value="1.8"/>
    <property name="sun.arch.data.model" value="64"/>
    <property name="java.home" value="/Library/Java/JavaVirtualMachines/jdk1.8.0_131.jdk/Contents/Home/jre"/>
    <property name="sun.java.command" value="org.codehaus.plexus.classworlds.launcher.Launcher test"/>
    <property name="java.specification.vendor" value="Oracle Corporation"/>
    <property name="user.language" value="en"/>
    <property name="awt.toolkit" value="sun.lwawt.macosx.LWCToolkit"/>
    <property name="java.vm.info" value="mixed mode"/>
    <property name="java.version" value="1.8.0_131"/>
    <property name="java.ext.dirs" value="/Users/westonse/Library/Java/Extensions:/Library/Java/JavaVirtualMachines/jdk1.8.0_131.jdk/Contents/Home/jre/lib/ext:/Library/Java/Extensions:/Network/Library/Java/Extensions:/System/Library/Java/Extensions:/usr/lib/java"/>
    <property name="sun.boot.class.path" value="/Library/Java/JavaVirtualMachines/jdk1.8.0_131.jdk/Contents/Home/jre/lib/resources.jar:/Library/Java/JavaVirtualMachines/jdk1.8.0_131.jdk/Contents/Home/jre/lib/rt.jar:/Library/Java/JavaVirtualMachines/jdk1.8.0_131.jdk/Contents/Home/jre/lib/sunrsasign.jar:/Library/Java/JavaVirtualMachines/jdk1.8.0_131.jdk/Contents/Home/jre/lib/jsse.jar:/Library/Java/JavaVirtualMachines/jdk1.8.0_131.jdk/Contents/Home/jre/lib/jce.jar:/Library/Java/JavaVirtualMachines/jdk1.8.0_131.jdk/Contents/Home/jre/lib/charsets.jar:/Library/Java/JavaVirtualMachines/jdk1.8.0_131.jdk/Contents/Home/jre/lib/jfr.jar:/Library/Java/JavaVirtualMachines/jdk1.8.0_131.jdk/Contents/Home/jre/classes"/>
    <property name="java.vendor" value="Oracle Corporation"/>
    <property name="maven.home" value="/usr/local/Cellar/maven/3.5.0/libexec"/>
    <property name="file.separator" value="/"/>
    <property name="java.vendor.url.bug" value="http://bugreport.sun.com/bugreport/"/>
    <property name="sun.cpu.endian" value="little"/>
    <property name="sun.io.unicode.encoding" value="UnicodeBig"/>
    <property name="socksNonProxyHosts" value="local|*.local|169.254/16|*.169.254/16"/>
    <property name="ftp.nonProxyHosts" value="local|*.local|169.254/16|*.169.254/16"/>
    <property name="sun.cpu.isalist" value=""/>
  </properties>
  <testcase classname="finalprojectB.UrlValidatorTest" name="testManualTest" time="0.017">
    <failure message="ERROR: http://www.google.com:80/test1/test1?action=view is VALID, but returned FALSE" type="junit.framework.AssertionFailedError">junit.framework.AssertionFailedError: ERROR: http://www.google.com:80/test1/test1?action=view is VALID, but returned FALSE
	at junit.framework.Assert.fail(Assert.java:57)
	at junit.framework.Assert.assertTrue(Assert.java:22)
	at junit.framework.TestCase.assertTrue(TestCase.java:192)
	at finalprojectB.UrlValidatorTest.testManualTest(UrlValidatorTest.java:53)
	at sun.reflect.NativeMethodAccessorImpl.invoke0(Native Method)
	at sun.reflect.NativeMethodAccessorImpl.invoke(NativeMethodAccessorImpl.java:62)
	at sun.reflect.DelegatingMethodAccessorImpl.invoke(DelegatingMethodAccessorImpl.java:43)
	at java.lang.reflect.Method.invoke(Method.java:498)
	at junit.framework.TestCase.runTest(TestCase.java:176)
	at junit.framework.TestCase.runBare(TestCase.java:141)
	at junit.framework.TestResult$1.protect(TestResult.java:122)
	at junit.framework.TestResult.runProtected(TestResult.java:142)
	at junit.framework.TestResult.run(TestResult.java:125)
	at junit.framework.TestCase.run(TestCase.java:129)
	at junit.framework.TestSuite.runTest(TestSuite.java:252)
	at junit.framework.TestSuite.run(TestSuite.java:247)
	at org.junit.internal.runners.JUnit38ClassRunner.run(JUnit38ClassRunner.java:86)
	at org.apache.maven.surefire.junit4.JUnit4Provider.execute(JUnit4Provider.java:252)
	at org.apache.maven.surefire.junit4.JUnit4Provider.executeTestSet(JUnit4Provider.java:141)
	at org.apache.maven.surefire.junit4.JUnit4Provider.invoke(JUnit4Provider.java:112)
	at sun.reflect.NativeMethodAccessorImpl.invoke0(Native Method)
	at sun.reflect.NativeMethodAccessorImpl.invoke(NativeMethodAccessorImpl.java:62)
	at sun.reflect.DelegatingMethodAccessorImpl.invoke(DelegatingMethodAccessorImpl.java:43)
	at java.lang.reflect.Method.invoke(Method.java:498)
	at org.apache.maven.surefire.util.ReflectionUtils.invokeMethodWithArray(ReflectionUtils.java:189)
	at org.apache.maven.surefire.booter.ProviderFactory$ProviderProxy.invoke(ProviderFactory.java:165)
	at org.apache.maven.surefire.booter.ProviderFactory.invokeProvider(ProviderFactory.java:85)
	at org.apache.maven.surefire.booter.ForkedBooter.runSuitesInProcess(ForkedBooter.java:115)
	at org.apache.maven.surefire.booter.ForkedBooter.main(ForkedBooter.java:75)
</failure>
    <system-out>BEGIN MANUAL VALID URL TEST:

</system-out>
  </testcase>
  <testcase classname="finalprojectB.UrlValidatorTest" name="testAnyOtherUnitTest" time="0"/>
  <testcase classname="finalprojectB.UrlValidatorTest" name="testYourSecondPartition" time="0.001">
    <failure message="http://www.google.com/path?action=view expected:&lt;true&gt; but was:&lt;false&gt;" type="junit.framework.AssertionFailedError">junit.framework.AssertionFailedError: http://www.google.com/path?action=view expected:&lt;true&gt; but was:&lt;false&gt;
	at junit.framework.Assert.fail(Assert.java:57)
	at junit.framework.Assert.failNotEquals(Assert.java:329)
	at junit.framework.Assert.assertEquals(Assert.java:78)
	at junit.framework.Assert.assertEquals(Assert.java:174)
	at junit.framework.TestCase.assertEquals(TestCase.java:333)
	at finalprojectB.UrlValidatorTest.testYourSecondPartition(UrlValidatorTest.java:146)
	at sun.reflect.NativeMethodAccessorImpl.invoke0(Native Method)
	at sun.reflect.NativeMethodAccessorImpl.invoke(NativeMethodAccessorImpl.java:62)
	at sun.reflect.DelegatingMethodAccessorImpl.invoke(DelegatingMethodAccessorImpl.java:43)
	at java.lang.reflect.Method.invoke(Method.java:498)
	at junit.framework.TestCase.runTest(TestCase.java:176)
	at junit.framework.TestCase.runBare(TestCase.java:141)
	at junit.framework.TestResult$1.protect(TestResult.java:122)
	at junit.framework.TestResult.runProtected(TestResult.java:142)
	at junit.framework.TestResult.run(TestResult.java:125)
	at junit.framework.TestCase.run(TestCase.java:129)
	at junit.framework.TestSuite.runTest(TestSuite.java:252)
	at junit.framework.TestSuite.run(TestSuite.java:247)
	at org.junit.internal.runners.JUnit38ClassRunner.run(JUnit38ClassRunner.java:86)
	at org.apache.maven.surefire.junit4.JUnit4Provider.execute(JUnit4Provider.java:252)
	at org.apache.maven.surefire.junit4.JUnit4Provider.executeTestSet(JUnit4Provider.java:141)
	at org.apache.maven.surefire.junit4.JUnit4Provider.invoke(JUnit4Provider.java:112)
	at sun.reflect.NativeMethodAccessorImpl.invoke0(Native Method)
	at sun.reflect.NativeMethodAccessorImpl.invoke(NativeMethodAccessorImpl.java:62)
	at sun.reflect.DelegatingMethodAccessorImpl.invoke(DelegatingMethodAccessorImpl.java:43)
	at java.lang.reflect.Method.invoke(Method.java:498)
	at org.apache.maven.surefire.util.ReflectionUtils.invokeMethodWithArray(ReflectionUtils.java:189)
	at org.apache.maven.surefire.booter.ProviderFactory$ProviderProxy.invoke(ProviderFactory.java:165)
	at org.apache.maven.surefire.booter.ProviderFactory.invokeProvider(ProviderFactory.java:85)
	at org.apache.maven.surefire.booter.ForkedBooter.runSuitesInProcess(ForkedBooter.java:115)
	at org.apache.maven.surefire.booter.ForkedBooter.main(ForkedBooter.java:75)
</failure>
    <system-out>BEGIN QUERY PARTITION TEST:

http://www.google.com/path?action=view                                                              Expected: true	Actual: false
</system-out>
  </testcase>
  <testcase classname="finalprojectB.UrlValidatorTest" name="testYourFirstPartition" time="0.168">
    <failure message="http://www.google.com:1000 expected:&lt;true&gt; but was:&lt;false&gt;" type="junit.framework.AssertionFailedError">junit.framework.AssertionFailedError: http://www.google.com:1000 expected:&lt;true&gt; but was:&lt;false&gt;
	at junit.framework.Assert.fail(Assert.java:57)
	at junit.framework.Assert.failNotEquals(Assert.java:329)
	at junit.framework.Assert.assertEquals(Assert.java:78)
	at junit.framework.Assert.assertEquals(Assert.java:174)
	at junit.framework.TestCase.assertEquals(TestCase.java:333)
	at finalprojectB.UrlValidatorTest.testYourFirstPartition(UrlValidatorTest.java:110)
	at sun.reflect.NativeMethodAccessorImpl.invoke0(Native Method)
	at sun.reflect.NativeMethodAccessorImpl.invoke(NativeMethodAccessorImpl.java:62)
	at sun.reflect.DelegatingMethodAccessorImpl.invoke(DelegatingMethodAccessorImpl.java:43)
	at java.lang.reflect.Method.invoke(Method.java:498)
	at junit.framework.TestCase.runTest(TestCase.java:176)
	at junit.framework.TestCase.runBare(TestCase.java:141)
	at junit.framework.TestResult$1.protect(TestResult.java:122)
	at junit.framework.TestResult.runProtected(TestResult.java:142)
	at junit.framework.TestResult.run(TestResult.java:125)
	at junit.framework.TestCase.run(TestCase.java:129)
	at junit.framework.TestSuite.runTest(TestSuite.java:252)
	at junit.framework.TestSuite.run(TestSuite.java:247)
	at org.junit.internal.runners.JUnit38ClassRunner.run(JUnit38ClassRunner.java:86)
	at org.apache.maven.surefire.junit4.JUnit4Provider.execute(JUnit4Provider.java:252)
	at org.apache.maven.surefire.junit4.JUnit4Provider.executeTestSet(JUnit4Provider.java:141)
	at org.apache.maven.surefire.junit4.JUnit4Provider.invoke(JUnit4Provider.java:112)
	at sun.reflect.NativeMethodAccessorImpl.invoke0(Native Method)
	at sun.reflect.NativeMethodAccessorImpl.invoke(NativeMethodAccessorImpl.java:62)
	at sun.reflect.DelegatingMethodAccessorImpl.invoke(DelegatingMethodAccessorImpl.java:43)
	at java.lang.reflect.Method.invoke(Method.java:498)
	at org.apache.maven.surefire.util.ReflectionUtils.invokeMethodWithArray(ReflectionUtils.java:189)
	at org.apache.maven.surefire.booter.ProviderFactory$ProviderProxy.invoke(ProviderFactory.java:165)
	at org.apache.maven.surefire.booter.ProviderFactory.invokeProvider(ProviderFactory.java:85)
	at org.apache.maven.surefire.booter.ForkedBooter.runSuitesInProcess(ForkedBooter.java:115)
	at org.apache.maven.surefire.booter.ForkedBooter.main(ForkedBooter.java:75)
</failure>
    <system-out>BEGIN PORT NUMBER PARTITION TEST:

http://www.google.com:19010w211                                                                     Expected: false	Actual: false
http://www.google.com:-1234                                                                         Expected: false	Actual: false
http://www.google.com:-12a34                                                                        Expected: false	Actual: false
http://www.google.com:234d1g                                                                        Expected: false	Actual: false
http://www.google.com:190w211                                                                       Expected: false	Actual: false
http://www.google.com:-123q4                                                                        Expected: false	Actual: false
http://www.google.com:-134                                                                          Expected: false	Actual: false
http://www.google.com:2341g                                                                         Expected: false	Actual: false
http://www.google.com:aaa                                                                           Expected: false	Actual: false
http://www.google.com:badport                                                                       Expected: false	Actual: false
http://www.google.com:!!!!                                                                          Expected: false	Actual: false
http://www.google.com:@@@                                                                           Expected: false	Actual: false
http://www.google.com:90128!                                                                        Expected: false	Actual: false
http://www.google.com:$$-1                                                                          Expected: false	Actual: false
http://www.google.com:a))                                                                           Expected: false	Actual: false
http://www.google.com:/..?                                                                          Expected: false	Actual: false
http://www.google.com:0                                                                             Expected: true	Actual: true
http://www.google.com:1                                                                             Expected: true	Actual: true
http://www.google.com:2                                                                             Expected: true	Actual: true
http://www.google.com:3                                                                             Expected: true	Actual: true
http://www.google.com:4                                                                             Expected: true	Actual: true
http://www.google.com:5                                                                             Expected: true	Actual: true
http://www.google.com:6                                                                             Expected: true	Actual: true
http://www.google.com:7                                                                             Expected: true	Actual: true
http://www.google.com:8                                                                             Expected: true	Actual: true
http://www.google.com:9                                                                             Expected: true	Actual: true
http://www.google.com:10                                                                            Expected: true	Actual: true
http://www.google.com:11                                                                            Expected: true	Actual: true
http://www.google.com:12                                                                            Expected: true	Actual: true
http://www.google.com:13                                                                            Expected: true	Actual: true
http://www.google.com:14                                                                            Expected: true	Actual: true
http://www.google.com:15                                                                            Expected: true	Actual: true
http://www.google.com:16                                                                            Expected: true	Actual: true
http://www.google.com:17                                                                            Expected: true	Actual: true
http://www.google.com:18                                                                            Expected: true	Actual: true
http://www.google.com:19                                                                            Expected: true	Actual: true
http://www.google.com:20                                                                            Expected: true	Actual: true
http://www.google.com:21                                                                            Expected: true	Actual: true
http://www.google.com:22                                                                            Expected: true	Actual: true
http://www.google.com:23                                                                            Expected: true	Actual: true
http://www.google.com:24                                                                            Expected: true	Actual: true
http://www.google.com:25                                                                            Expected: true	Actual: true
http://www.google.com:26                                                                            Expected: true	Actual: true
http://www.google.com:27                                                                            Expected: true	Actual: true
http://www.google.com:28                                                                            Expected: true	Actual: true
http://www.google.com:29                                                                            Expected: true	Actual: true
http://www.google.com:30                                                                            Expected: true	Actual: true
http://www.google.com:31                                                                            Expected: true	Actual: true
http://www.google.com:32                                                                            Expected: true	Actual: true
http://www.google.com:33                                                                            Expected: true	Actual: true
http://www.google.com:34                                                                            Expected: true	Actual: true
http://www.google.com:35                                                                            Expected: true	Actual: true
http://www.google.com:36                                                                            Expected: true	Actual: true
http://www.google.com:37                                                                            Expected: true	Actual: true
http://www.google.com:38                                                                            Expected: true	Actual: true
http://www.google.com:39                                                                            Expected: true	Actual: true
http://www.google.com:40                                                                            Expected: true	Actual: true
http://www.google.com:41                                                                            Expected: true	Actual: true
http://www.google.com:42                                                                            Expected: true	Actual: true
http://www.google.com:43                                                                            Expected: true	Actual: true
http://www.google.com:44                                                                            Expected: true	Actual: true
http://www.google.com:45                                                                            Expected: true	Actual: true
http://www.google.com:46                                                                            Expected: true	Actual: true
http://www.google.com:47                                                                            Expected: true	Actual: true
http://www.google.com:48                                                                            Expected: true	Actual: true
http://www.google.com:49                                                                            Expected: true	Actual: true
http://www.google.com:50                                                                            Expected: true	Actual: true
http://www.google.com:51                                                                            Expected: true	Actual: true
http://www.google.com:52                                                                            Expected: true	Actual: true
http://www.google.com:53                                                                            Expected: true	Actual: true
http://www.google.com:54                                                                            Expected: true	Actual: true
http://www.google.com:55                                                                            Expected: true	Actual: true
http://www.google.com:56                                                                            Expected: true	Actual: true
http://www.google.com:57                                                                            Expected: true	Actual: true
http://www.google.com:58                                                                            Expected: true	Actual: true
http://www.google.com:59                                                                            Expected: true	Actual: true
http://www.google.com:60                                                                            Expected: true	Actual: true
http://www.google.com:61                                                                            Expected: true	Actual: true
http://www.google.com:62                                                                            Expected: true	Actual: true
http://www.google.com:63                                                                            Expected: true	Actual: true
http://www.google.com:64                                                                            Expected: true	Actual: true
http://www.google.com:65                                                                            Expected: true	Actual: true
http://www.google.com:66                                                                            Expected: true	Actual: true
http://www.google.com:67                                                                            Expected: true	Actual: true
http://www.google.com:68                                                                            Expected: true	Actual: true
http://www.google.com:69                                                                            Expected: true	Actual: true
http://www.google.com:70                                                                            Expected: true	Actual: true
http://www.google.com:71                                                                            Expected: true	Actual: true
http://www.google.com:72                                                                            Expected: true	Actual: true
http://www.google.com:73                                                                            Expected: true	Actual: true
http://www.google.com:74                                                                            Expected: true	Actual: true
http://www.google.com:75                                                                            Expected: true	Actual: true
http://www.google.com:76                                                                            Expected: true	Actual: true
http://www.google.com:77                                                                            Expected: true	Actual: true
http://www.google.com:78                                                                            Expected: true	Actual: true
http://www.google.com:79                                                                            Expected: true	Actual: true
http://www.google.com:80                                                                            Expected: true	Actual: true
http://www.google.com:81                                                                            Expected: true	Actual: true
http://www.google.com:82                                                                            Expected: true	Actual: true
http://www.google.com:83                                                                            Expected: true	Actual: true
http://www.google.com:84                                                                            Expected: true	Actual: true
http://www.google.com:85                                                                            Expected: true	Actual: true
http://www.google.com:86                                                                            Expected: true	Actual: true
http://www.google.com:87                                                                            Expected: true	Actual: true
http://www.google.com:88                                                                            Expected: true	Actual: true
http://www.google.com:89                                                                            Expected: true	Actual: true
http://www.google.com:90                                                                            Expected: true	Actual: true
http://www.google.com:91                                                                            Expected: true	Actual: true
http://www.google.com:92                                                                            Expected: true	Actual: true
http://www.google.com:93                                                                            Expected: true	Actual: true
http://www.google.com:94                                                                            Expected: true	Actual: true
http://www.google.com:95                                                                            Expected: true	Actual: true
http://www.google.com:96                                                                            Expected: true	Actual: true
http://www.google.com:97                                                                            Expected: true	Actual: true
http://www.google.com:98                                                                            Expected: true	Actual: true
http://www.google.com:99                                                                            Expected: true	Actual: true
http://www.google.com:100                                                                           Expected: true	Actual: true
http://www.google.com:101                                                                           Expected: true	Actual: true
http://www.google.com:102                                                                           Expected: true	Actual: true
http://www.google.com:103                                                                           Expected: true	Actual: true
http://www.google.com:104                                                                           Expected: true	Actual: true
http://www.google.com:105                                                                           Expected: true	Actual: true
http://www.google.com:106                                                                           Expected: true	Actual: true
http://www.google.com:107                                                                           Expected: true	Actual: true
http://www.google.com:108                                                                           Expected: true	Actual: true
http://www.google.com:109                                                                           Expected: true	Actual: true
http://www.google.com:110                                                                           Expected: true	Actual: true
http://www.google.com:111                                                                           Expected: true	Actual: true
http://www.google.com:112                                                                           Expected: true	Actual: true
http://www.google.com:113                                                                           Expected: true	Actual: true
http://www.google.com:114                                                                           Expected: true	Actual: true
http://www.google.com:115                                                                           Expected: true	Actual: true
http://www.google.com:116                                                                           Expected: true	Actual: true
http://www.google.com:117                                                                           Expected: true	Actual: true
http://www.google.com:118                                                                           Expected: true	Actual: true
http://www.google.com:119                                                                           Expected: true	Actual: true
http://www.google.com:120                                                                           Expected: true	Actual: true
http://www.google.com:121                                                                           Expected: true	Actual: true
http://www.google.com:122                                                                           Expected: true	Actual: true
http://www.google.com:123                                                                           Expected: true	Actual: true
http://www.google.com:124                                                                           Expected: true	Actual: true
http://www.google.com:125                                                                           Expected: true	Actual: true
http://www.google.com:126                                                                           Expected: true	Actual: true
http://www.google.com:127                                                                           Expected: true	Actual: true
http://www.google.com:128                                                                           Expected: true	Actual: true
http://www.google.com:129                                                                           Expected: true	Actual: true
http://www.google.com:130                                                                           Expected: true	Actual: true
http://www.google.com:131                                                                           Expected: true	Actual: true
http://www.google.com:132                                                                           Expected: true	Actual: true
http://www.google.com:133                                                                           Expected: true	Actual: true
http://www.google.com:134                                                                           Expected: true	Actual: true
http://www.google.com:135                                                                           Expected: true	Actual: true
http://www.google.com:136                                                                           Expected: true	Actual: true
http://www.google.com:137                                                                           Expected: true	Actual: true
http://www.google.com:138                                                                           Expected: true	Actual: true
http://www.google.com:139                                                                           Expected: true	Actual: true
http://www.google.com:140                                                                           Expected: true	Actual: true
http://www.google.com:141                                                                           Expected: true	Actual: true
http://www.google.com:142                                                                           Expected: true	Actual: true
http://www.google.com:143                                                                           Expected: true	Actual: true
http://www.google.com:144                                                                           Expected: true	Actual: true
http://www.google.com:145                                                                           Expected: true	Actual: true
http://www.google.com:146                                                                           Expected: true	Actual: true
http://www.google.com:147                                                                           Expected: true	Actual: true
http://www.google.com:148                                                                           Expected: true	Actual: true
http://www.google.com:149                                                                           Expected: true	Actual: true
http://www.google.com:150                                                                           Expected: true	Actual: true
http://www.google.com:151                                                                           Expected: true	Actual: true
http://www.google.com:152                                                                           Expected: true	Actual: true
http://www.google.com:153                                                                           Expected: true	Actual: true
http://www.google.com:154                                                                           Expected: true	Actual: true
http://www.google.com:155                                                                           Expected: true	Actual: true
http://www.google.com:156                                                                           Expected: true	Actual: true
http://www.google.com:157                                                                           Expected: true	Actual: true
http://www.google.com:158                                                                           Expected: true	Actual: true
http://www.google.com:159                                                                           Expected: true	Actual: true
http://www.google.com:160                                                                           Expected: true	Actual: true
http://www.google.com:161                                                                           Expected: true	Actual: true
http://www.google.com:162                                                                           Expected: true	Actual: true
http://www.google.com:163                                                                           Expected: true	Actual: true
http://www.google.com:164                                                                           Expected: true	Actual: true
http://www.google.com:165                                                                           Expected: true	Actual: true
http://www.google.com:166                                                                           Expected: true	Actual: true
http://www.google.com:167                                                                           Expected: true	Actual: true
http://www.google.com:168                                                                           Expected: true	Actual: true
http://www.google.com:169                                                                           Expected: true	Actual: true
http://www.google.com:170                                                                           Expected: true	Actual: true
http://www.google.com:171                                                                           Expected: true	Actual: true
http://www.google.com:172                                                                           Expected: true	Actual: true
http://www.google.com:173                                                                           Expected: true	Actual: true
http://www.google.com:174                                                                           Expected: true	Actual: true
http://www.google.com:175                                                                           Expected: true	Actual: true
http://www.google.com:176                                                                           Expected: true	Actual: true
http://www.google.com:177                                                                           Expected: true	Actual: true
http://www.google.com:178                                                                           Expected: true	Actual: true
http://www.google.com:179                                                                           Expected: true	Actual: true
http://www.google.com:180                                                                           Expected: true	Actual: true
http://www.google.com:181                                                                           Expected: true	Actual: true
http://www.google.com:182                                                                           Expected: true	Actual: true
http://www.google.com:183                                                                           Expected: true	Actual: true
http://www.google.com:184                                                                           Expected: true	Actual: true
http://www.google.com:185                                                                           Expected: true	Actual: true
http://www.google.com:186                                                                           Expected: true	Actual: true
http://www.google.com:187                                                                           Expected: true	Actual: true
http://www.google.com:188                                                                           Expected: true	Actual: true
http://www.google.com:189                                                                           Expected: true	Actual: true
http://www.google.com:190                                                                           Expected: true	Actual: true
http://www.google.com:191                                                                           Expected: true	Actual: true
http://www.google.com:192                                                                           Expected: true	Actual: true
http://www.google.com:193                                                                           Expected: true	Actual: true
http://www.google.com:194                                                                           Expected: true	Actual: true
http://www.google.com:195                                                                           Expected: true	Actual: true
http://www.google.com:196                                                                           Expected: true	Actual: true
http://www.google.com:197                                                                           Expected: true	Actual: true
http://www.google.com:198                                                                           Expected: true	Actual: true
http://www.google.com:199                                                                           Expected: true	Actual: true
http://www.google.com:200                                                                           Expected: true	Actual: true
http://www.google.com:201                                                                           Expected: true	Actual: true
http://www.google.com:202                                                                           Expected: true	Actual: true
http://www.google.com:203                                                                           Expected: true	Actual: true
http://www.google.com:204                                                                           Expected: true	Actual: true
http://www.google.com:205                                                                           Expected: true	Actual: true
http://www.google.com:206                                                                           Expected: true	Actual: true
http://www.google.com:207                                                                           Expected: true	Actual: true
http://www.google.com:208                                                                           Expected: true	Actual: true
http://www.google.com:209                                                                           Expected: true	Actual: true
http://www.google.com:210                                                                           Expected: true	Actual: true
http://www.google.com:211                                                                           Expected: true	Actual: true
http://www.google.com:212                                                                           Expected: true	Actual: true
http://www.google.com:213                                                                           Expected: true	Actual: true
http://www.google.com:214                                                                           Expected: true	Actual: true
http://www.google.com:215                                                                           Expected: true	Actual: true
http://www.google.com:216                                                                           Expected: true	Actual: true
http://www.google.com:217                                                                           Expected: true	Actual: true
http://www.google.com:218                                                                           Expected: true	Actual: true
http://www.google.com:219                                                                           Expected: true	Actual: true
http://www.google.com:220                                                                           Expected: true	Actual: true
http://www.google.com:221                                                                           Expected: true	Actual: true
http://www.google.com:222                                                                           Expected: true	Actual: true
http://www.google.com:223                                                                           Expected: true	Actual: true
http://www.google.com:224                                                                           Expected: true	Actual: true
http://www.google.com:225                                                                           Expected: true	Actual: true
http://www.google.com:226                                                                           Expected: true	Actual: true
http://www.google.com:227                                                                           Expected: true	Actual: true
http://www.google.com:228                                                                           Expected: true	Actual: true
http://www.google.com:229                                                                           Expected: true	Actual: true
http://www.google.com:230                                                                           Expected: true	Actual: true
http://www.google.com:231                                                                           Expected: true	Actual: true
http://www.google.com:232                                                                           Expected: true	Actual: true
http://www.google.com:233                                                                           Expected: true	Actual: true
http://www.google.com:234                                                                           Expected: true	Actual: true
http://www.google.com:235                                                                           Expected: true	Actual: true
http://www.google.com:236                                                                           Expected: true	Actual: true
http://www.google.com:237                                                                           Expected: true	Actual: true
http://www.google.com:238                                                                           Expected: true	Actual: true
http://www.google.com:239                                                                           Expected: true	Actual: true
http://www.google.com:240                                                                           Expected: true	Actual: true
http://www.google.com:241                                                                           Expected: true	Actual: true
http://www.google.com:242                                                                           Expected: true	Actual: true
http://www.google.com:243                                                                           Expected: true	Actual: true
http://www.google.com:244                                                                           Expected: true	Actual: true
http://www.google.com:245                                                                           Expected: true	Actual: true
http://www.google.com:246                                                                           Expected: true	Actual: true
http://www.google.com:247                                                                           Expected: true	Actual: true
http://www.google.com:248                                                                           Expected: true	Actual: true
http://www.google.com:249                                                                           Expected: true	Actual: true
http://www.google.com:250                                                                           Expected: true	Actual: true
http://www.google.com:251                                                                           Expected: true	Actual: true
http://www.google.com:252                                                                           Expected: true	Actual: true
http://www.google.com:253                                                                           Expected: true	Actual: true
http://www.google.com:254                                                                           Expected: true	Actual: true
http://www.google.com:255                                                                           Expected: true	Actual: true
http://www.google.com:256                                                                           Expected: true	Actual: true
http://www.google.com:257                                                                           Expected: true	Actual: true
http://www.google.com:258                                                                           Expected: true	Actual: true
http://www.google.com:259                                                                           Expected: true	Actual: true
http://www.google.com:260                                                                           Expected: true	Actual: true
http://www.google.com:261                                                                           Expected: true	Actual: true
http://www.google.com:262                                                                           Expected: true	Actual: true
http://www.google.com:263                                                                           Expected: true	Actual: true
http://www.google.com:264                                                                           Expected: true	Actual: true
http://www.google.com:265                                                                           Expected: true	Actual: true
http://www.google.com:266                                                                           Expected: true	Actual: true
http://www.google.com:267                                                                           Expected: true	Actual: true
http://www.google.com:268                                                                           Expected: true	Actual: true
http://www.google.com:269                                                                           Expected: true	Actual: true
http://www.google.com:270                                                                           Expected: true	Actual: true
http://www.google.com:271                                                                           Expected: true	Actual: true
http://www.google.com:272                                                                           Expected: true	Actual: true
http://www.google.com:273                                                                           Expected: true	Actual: true
http://www.google.com:274                                                                           Expected: true	Actual: true
http://www.google.com:275                                                                           Expected: true	Actual: true
http://www.google.com:276                                                                           Expected: true	Actual: true
http://www.google.com:277                                                                           Expected: true	Actual: true
http://www.google.com:278                                                                           Expected: true	Actual: true
http://www.google.com:279                                                                           Expected: true	Actual: true
http://www.google.com:280                                                                           Expected: true	Actual: true
http://www.google.com:281                                                                           Expected: true	Actual: true
http://www.google.com:282                                                                           Expected: true	Actual: true
http://www.google.com:283                                                                           Expected: true	Actual: true
http://www.google.com:284                                                                           Expected: true	Actual: true
http://www.google.com:285                                                                           Expected: true	Actual: true
http://www.google.com:286                                                                           Expected: true	Actual: true
http://www.google.com:287                                                                           Expected: true	Actual: true
http://www.google.com:288                                                                           Expected: true	Actual: true
http://www.google.com:289                                                                           Expected: true	Actual: true
http://www.google.com:290                                                                           Expected: true	Actual: true
http://www.google.com:291                                                                           Expected: true	Actual: true
http://www.google.com:292                                                                           Expected: true	Actual: true
http://www.google.com:293                                                                           Expected: true	Actual: true
http://www.google.com:294                                                                           Expected: true	Actual: true
http://www.google.com:295                                                                           Expected: true	Actual: true
http://www.google.com:296                                                                           Expected: true	Actual: true
http://www.google.com:297                                                                           Expected: true	Actual: true
http://www.google.com:298                                                                           Expected: true	Actual: true
http://www.google.com:299                                                                           Expected: true	Actual: true
http://www.google.com:300                                                                           Expected: true	Actual: true
http://www.google.com:301                                                                           Expected: true	Actual: true
http://www.google.com:302                                                                           Expected: true	Actual: true
http://www.google.com:303                                                                           Expected: true	Actual: true
http://www.google.com:304                                                                           Expected: true	Actual: true
http://www.google.com:305                                                                           Expected: true	Actual: true
http://www.google.com:306                                                                           Expected: true	Actual: true
http://www.google.com:307                                                                           Expected: true	Actual: true
http://www.google.com:308                                                                           Expected: true	Actual: true
http://www.google.com:309                                                                           Expected: true	Actual: true
http://www.google.com:310                                                                           Expected: true	Actual: true
http://www.google.com:311                                                                           Expected: true	Actual: true
http://www.google.com:312                                                                           Expected: true	Actual: true
http://www.google.com:313                                                                           Expected: true	Actual: true
http://www.google.com:314                                                                           Expected: true	Actual: true
http://www.google.com:315                                                                           Expected: true	Actual: true
http://www.google.com:316                                                                           Expected: true	Actual: true
http://www.google.com:317                                                                           Expected: true	Actual: true
http://www.google.com:318                                                                           Expected: true	Actual: true
http://www.google.com:319                                                                           Expected: true	Actual: true
http://www.google.com:320                                                                           Expected: true	Actual: true
http://www.google.com:321                                                                           Expected: true	Actual: true
http://www.google.com:322                                                                           Expected: true	Actual: true
http://www.google.com:323                                                                           Expected: true	Actual: true
http://www.google.com:324                                                                           Expected: true	Actual: true
http://www.google.com:325                                                                           Expected: true	Actual: true
http://www.google.com:326                                                                           Expected: true	Actual: true
http://www.google.com:327                                                                           Expected: true	Actual: true
http://www.google.com:328                                                                           Expected: true	Actual: true
http://www.google.com:329                                                                           Expected: true	Actual: true
http://www.google.com:330                                                                           Expected: true	Actual: true
http://www.google.com:331                                                                           Expected: true	Actual: true
http://www.google.com:332                                                                           Expected: true	Actual: true
http://www.google.com:333                                                                           Expected: true	Actual: true
http://www.google.com:334                                                                           Expected: true	Actual: true
http://www.google.com:335                                                                           Expected: true	Actual: true
http://www.google.com:336                                                                           Expected: true	Actual: true
http://www.google.com:337                                                                           Expected: true	Actual: true
http://www.google.com:338                                                                           Expected: true	Actual: true
http://www.google.com:339                                                                           Expected: true	Actual: true
http://www.google.com:340                                                                           Expected: true	Actual: true
http://www.google.com:341                                                                           Expected: true	Actual: true
http://www.google.com:342                                                                           Expected: true	Actual: true
http://www.google.com:343                                                                           Expected: true	Actual: true
http://www.google.com:344                                                                           Expected: true	Actual: true
http://www.google.com:345                                                                           Expected: true	Actual: true
http://www.google.com:346                                                                           Expected: true	Actual: true
http://www.google.com:347                                                                           Expected: true	Actual: true
http://www.google.com:348                                                                           Expected: true	Actual: true
http://www.google.com:349                                                                           Expected: true	Actual: true
http://www.google.com:350                                                                           Expected: true	Actual: true
http://www.google.com:351                                                                           Expected: true	Actual: true
http://www.google.com:352                                                                           Expected: true	Actual: true
http://www.google.com:353                                                                           Expected: true	Actual: true
http://www.google.com:354                                                                           Expected: true	Actual: true
http://www.google.com:355                                                                           Expected: true	Actual: true
http://www.google.com:356                                                                           Expected: true	Actual: true
http://www.google.com:357                                                                           Expected: true	Actual: true
http://www.google.com:358                                                                           Expected: true	Actual: true
http://www.google.com:359                                                                           Expected: true	Actual: true
http://www.google.com:360                                                                           Expected: true	Actual: true
http://www.google.com:361                                                                           Expected: true	Actual: true
http://www.google.com:362                                                                           Expected: true	Actual: true
http://www.google.com:363                                                                           Expected: true	Actual: true
http://www.google.com:364                                                                           Expected: true	Actual: true
http://www.google.com:365                                                                           Expected: true	Actual: true
http://www.google.com:366                                                                           Expected: true	Actual: true
http://www.google.com:367                                                                           Expected: true	Actual: true
http://www.google.com:368                                                                           Expected: true	Actual: true
http://www.google.com:369                                                                           Expected: true	Actual: true
http://www.google.com:370                                                                           Expected: true	Actual: true
http://www.google.com:371                                                                           Expected: true	Actual: true
http://www.google.com:372                                                                           Expected: true	Actual: true
http://www.google.com:373                                                                           Expected: true	Actual: true
http://www.google.com:374                                                                           Expected: true	Actual: true
http://www.google.com:375                                                                           Expected: true	Actual: true
http://www.google.com:376                                                                           Expected: true	Actual: true
http://www.google.com:377                                                                           Expected: true	Actual: true
http://www.google.com:378                                                                           Expected: true	Actual: true
http://www.google.com:379                                                                           Expected: true	Actual: true
http://www.google.com:380                                                                           Expected: true	Actual: true
http://www.google.com:381                                                                           Expected: true	Actual: true
http://www.google.com:382                                                                           Expected: true	Actual: true
http://www.google.com:383                                                                           Expected: true	Actual: true
http://www.google.com:384                                                                           Expected: true	Actual: true
http://www.google.com:385                                                                           Expected: true	Actual: true
http://www.google.com:386                                                                           Expected: true	Actual: true
http://www.google.com:387                                                                           Expected: true	Actual: true
http://www.google.com:388                                                                           Expected: true	Actual: true
http://www.google.com:389                                                                           Expected: true	Actual: true
http://www.google.com:390                                                                           Expected: true	Actual: true
http://www.google.com:391                                                                           Expected: true	Actual: true
http://www.google.com:392                                                                           Expected: true	Actual: true
http://www.google.com:393                                                                           Expected: true	Actual: true
http://www.google.com:394                                                                           Expected: true	Actual: true
http://www.google.com:395                                                                           Expected: true	Actual: true
http://www.google.com:396                                                                           Expected: true	Actual: true
http://www.google.com:397                                                                           Expected: true	Actual: true
http://www.google.com:398                                                                           Expected: true	Actual: true
http://www.google.com:399                                                                           Expected: true	Actual: true
http://www.google.com:400                                                                           Expected: true	Actual: true
http://www.google.com:401                                                                           Expected: true	Actual: true
http://www.google.com:402                                                                           Expected: true	Actual: true
http://www.google.com:403                                                                           Expected: true	Actual: true
http://www.google.com:404                                                                           Expected: true	Actual: true
http://www.google.com:405                                                                           Expected: true	Actual: true
http://www.google.com:406                                                                           Expected: true	Actual: true
http://www.google.com:407                                                                           Expected: true	Actual: true
http://www.google.com:408                                                                           Expected: true	Actual: true
http://www.google.com:409                                                                           Expected: true	Actual: true
http://www.google.com:410                                                                           Expected: true	Actual: true
http://www.google.com:411                                                                           Expected: true	Actual: true
http://www.google.com:412                                                                           Expected: true	Actual: true
http://www.google.com:413                                                                           Expected: true	Actual: true
http://www.google.com:414                                                                           Expected: true	Actual: true
http://www.google.com:415                                                                           Expected: true	Actual: true
http://www.google.com:416                                                                           Expected: true	Actual: true
http://www.google.com:417                                                                           Expected: true	Actual: true
http://www.google.com:418                                                                           Expected: true	Actual: true
http://www.google.com:419                                                                           Expected: true	Actual: true
http://www.google.com:420                                                                           Expected: true	Actual: true
http://www.google.com:421                                                                           Expected: true	Actual: true
http://www.google.com:422                                                                           Expected: true	Actual: true
http://www.google.com:423                                                                           Expected: true	Actual: true
http://www.google.com:424                                                                           Expected: true	Actual: true
http://www.google.com:425                                                                           Expected: true	Actual: true
http://www.google.com:426                                                                           Expected: true	Actual: true
http://www.google.com:427                                                                           Expected: true	Actual: true
http://www.google.com:428                                                                           Expected: true	Actual: true
http://www.google.com:429                                                                           Expected: true	Actual: true
http://www.google.com:430                                                                           Expected: true	Actual: true
http://www.google.com:431                                                                           Expected: true	Actual: true
http://www.google.com:432                                                                           Expected: true	Actual: true
http://www.google.com:433                                                                           Expected: true	Actual: true
http://www.google.com:434                                                                           Expected: true	Actual: true
http://www.google.com:435                                                                           Expected: true	Actual: true
http://www.google.com:436                                                                           Expected: true	Actual: true
http://www.google.com:437                                                                           Expected: true	Actual: true
http://www.google.com:438                                                                           Expected: true	Actual: true
http://www.google.com:439                                                                           Expected: true	Actual: true
http://www.google.com:440                                                                           Expected: true	Actual: true
http://www.google.com:441                                                                           Expected: true	Actual: true
http://www.google.com:442                                                                           Expected: true	Actual: true
http://www.google.com:443                                                                           Expected: true	Actual: true
http://www.google.com:444                                                                           Expected: true	Actual: true
http://www.google.com:445                                                                           Expected: true	Actual: true
http://www.google.com:446                                                                           Expected: true	Actual: true
http://www.google.com:447                                                                           Expected: true	Actual: true
http://www.google.com:448                                                                           Expected: true	Actual: true
http://www.google.com:449                                                                           Expected: true	Actual: true
http://www.google.com:450                                                                           Expected: true	Actual: true
http://www.google.com:451                                                                           Expected: true	Actual: true
http://www.google.com:452                                                                           Expected: true	Actual: true
http://www.google.com:453                                                                           Expected: true	Actual: true
http://www.google.com:454                                                                           Expected: true	Actual: true
http://www.google.com:455                                                                           Expected: true	Actual: true
http://www.google.com:456                                                                           Expected: true	Actual: true
http://www.google.com:457                                                                           Expected: true	Actual: true
http://www.google.com:458                                                                           Expected: true	Actual: true
http://www.google.com:459                                                                           Expected: true	Actual: true
http://www.google.com:460                                                                           Expected: true	Actual: true
http://www.google.com:461                                                                           Expected: true	Actual: true
http://www.google.com:462                                                                           Expected: true	Actual: true
http://www.google.com:463                                                                           Expected: true	Actual: true
http://www.google.com:464                                                                           Expected: true	Actual: true
http://www.google.com:465                                                                           Expected: true	Actual: true
http://www.google.com:466                                                                           Expected: true	Actual: true
http://www.google.com:467                                                                           Expected: true	Actual: true
http://www.google.com:468                                                                           Expected: true	Actual: true
http://www.google.com:469                                                                           Expected: true	Actual: true
http://www.google.com:470                                                                           Expected: true	Actual: true
http://www.google.com:471                                                                           Expected: true	Actual: true
http://www.google.com:472                                                                           Expected: true	Actual: true
http://www.google.com:473                                                                           Expected: true	Actual: true
http://www.google.com:474                                                                           Expected: true	Actual: true
http://www.google.com:475                                                                           Expected: true	Actual: true
http://www.google.com:476                                                                           Expected: true	Actual: true
http://www.google.com:477                                                                           Expected: true	Actual: true
http://www.google.com:478                                                                           Expected: true	Actual: true
http://www.google.com:479                                                                           Expected: true	Actual: true
http://www.google.com:480                                                                           Expected: true	Actual: true
http://www.google.com:481                                                                           Expected: true	Actual: true
http://www.google.com:482                                                                           Expected: true	Actual: true
http://www.google.com:483                                                                           Expected: true	Actual: true
http://www.google.com:484                                                                           Expected: true	Actual: true
http://www.google.com:485                                                                           Expected: true	Actual: true
http://www.google.com:486                                                                           Expected: true	Actual: true
http://www.google.com:487                                                                           Expected: true	Actual: true
http://www.google.com:488                                                                           Expected: true	Actual: true
http://www.google.com:489                                                                           Expected: true	Actual: true
http://www.google.com:490                                                                           Expected: true	Actual: true
http://www.google.com:491                                                                           Expected: true	Actual: true
http://www.google.com:492                                                                           Expected: true	Actual: true
http://www.google.com:493                                                                           Expected: true	Actual: true
http://www.google.com:494                                                                           Expected: true	Actual: true
http://www.google.com:495                                                                           Expected: true	Actual: true
http://www.google.com:496                                                                           Expected: true	Actual: true
http://www.google.com:497                                                                           Expected: true	Actual: true
http://www.google.com:498                                                                           Expected: true	Actual: true
http://www.google.com:499                                                                           Expected: true	Actual: true
http://www.google.com:500                                                                           Expected: true	Actual: true
http://www.google.com:501                                                                           Expected: true	Actual: true
http://www.google.com:502                                                                           Expected: true	Actual: true
http://www.google.com:503                                                                           Expected: true	Actual: true
http://www.google.com:504                                                                           Expected: true	Actual: true
http://www.google.com:505                                                                           Expected: true	Actual: true
http://www.google.com:506                                                                           Expected: true	Actual: true
http://www.google.com:507                                                                           Expected: true	Actual: true
http://www.google.com:508                                                                           Expected: true	Actual: true
http://www.google.com:509                                                                           Expected: true	Actual: true
http://www.google.com:510                                                                           Expected: true	Actual: true
http://www.google.com:511                                                                           Expected: true	Actual: true
http://www.google.com:512                                                                           Expected: true	Actual: true
http://www.google.com:513                                                                           Expected: true	Actual: true
http://www.google.com:514                                                                           Expected: true	Actual: true
http://www.google.com:515                                                                           Expected: true	Actual: true
http://www.google.com:516                                                                           Expected: true	Actual: true
http://www.google.com:517                                                                           Expected: true	Actual: true
http://www.google.com:518                                                                           Expected: true	Actual: true
http://www.google.com:519                                                                           Expected: true	Actual: true
http://www.google.com:520                                                                           Expected: true	Actual: true
http://www.google.com:521                                                                           Expected: true	Actual: true
http://www.google.com:522                                                                           Expected: true	Actual: true
http://www.google.com:523                                                                           Expected: true	Actual: true
http://www.google.com:524                                                                           Expected: true	Actual: true
http://www.google.com:525                                                                           Expected: true	Actual: true
http://www.google.com:526                                                                           Expected: true	Actual: true
http://www.google.com:527                                                                           Expected: true	Actual: true
http://www.google.com:528                                                                           Expected: true	Actual: true
http://www.google.com:529                                                                           Expected: true	Actual: true
http://www.google.com:530                                                                           Expected: true	Actual: true
http://www.google.com:531                                                                           Expected: true	Actual: true
http://www.google.com:532                                                                           Expected: true	Actual: true
http://www.google.com:533                                                                           Expected: true	Actual: true
http://www.google.com:534                                                                           Expected: true	Actual: true
http://www.google.com:535                                                                           Expected: true	Actual: true
http://www.google.com:536                                                                           Expected: true	Actual: true
http://www.google.com:537                                                                           Expected: true	Actual: true
http://www.google.com:538                                                                           Expected: true	Actual: true
http://www.google.com:539                                                                           Expected: true	Actual: true
http://www.google.com:540                                                                           Expected: true	Actual: true
http://www.google.com:541                                                                           Expected: true	Actual: true
http://www.google.com:542                                                                           Expected: true	Actual: true
http://www.google.com:543                                                                           Expected: true	Actual: true
http://www.google.com:544                                                                           Expected: true	Actual: true
http://www.google.com:545                                                                           Expected: true	Actual: true
http://www.google.com:546                                                                           Expected: true	Actual: true
http://www.google.com:547                                                                           Expected: true	Actual: true
http://www.google.com:548                                                                           Expected: true	Actual: true
http://www.google.com:549                                                                           Expected: true	Actual: true
http://www.google.com:550                                                                           Expected: true	Actual: true
http://www.google.com:551                                                                           Expected: true	Actual: true
http://www.google.com:552                                                                           Expected: true	Actual: true
http://www.google.com:553                                                                           Expected: true	Actual: true
http://www.google.com:554                                                                           Expected: true	Actual: true
http://www.google.com:555                                                                           Expected: true	Actual: true
http://www.google.com:556                                                                           Expected: true	Actual: true
http://www.google.com:557                                                                           Expected: true	Actual: true
http://www.google.com:558                                                                           Expected: true	Actual: true
http://www.google.com:559                                                                           Expected: true	Actual: true
http://www.google.com:560                                                                           Expected: true	Actual: true
http://www.google.com:561                                                                           Expected: true	Actual: true
http://www.google.com:562                                                                           Expected: true	Actual: true
http://www.google.com:563                                                                           Expected: true	Actual: true
http://www.google.com:564                                                                           Expected: true	Actual: true
http://www.google.com:565                                                                           Expected: true	Actual: true
http://www.google.com:566                                                                           Expected: true	Actual: true
http://www.google.com:567                                                                           Expected: true	Actual: true
http://www.google.com:568                                                                           Expected: true	Actual: true
http://www.google.com:569                                                                           Expected: true	Actual: true
http://www.google.com:570                                                                           Expected: true	Actual: true
http://www.google.com:571                                                                           Expected: true	Actual: true
http://www.google.com:572                                                                           Expected: true	Actual: true
http://www.google.com:573                                                                           Expected: true	Actual: true
http://www.google.com:574                                                                           Expected: true	Actual: true
http://www.google.com:575                                                                           Expected: true	Actual: true
http://www.google.com:576                                                                           Expected: true	Actual: true
http://www.google.com:577                                                                           Expected: true	Actual: true
http://www.google.com:578                                                                           Expected: true	Actual: true
http://www.google.com:579                                                                           Expected: true	Actual: true
http://www.google.com:580                                                                           Expected: true	Actual: true
http://www.google.com:581                                                                           Expected: true	Actual: true
http://www.google.com:582                                                                           Expected: true	Actual: true
http://www.google.com:583                                                                           Expected: true	Actual: true
http://www.google.com:584                                                                           Expected: true	Actual: true
http://www.google.com:585                                                                           Expected: true	Actual: true
http://www.google.com:586                                                                           Expected: true	Actual: true
http://www.google.com:587                                                                           Expected: true	Actual: true
http://www.google.com:588                                                                           Expected: true	Actual: true
http://www.google.com:589                                                                           Expected: true	Actual: true
http://www.google.com:590                                                                           Expected: true	Actual: true
http://www.google.com:591                                                                           Expected: true	Actual: true
http://www.google.com:592                                                                           Expected: true	Actual: true
http://www.google.com:593                                                                           Expected: true	Actual: true
http://www.google.com:594                                                                           Expected: true	Actual: true
http://www.google.com:595                                                                           Expected: true	Actual: true
http://www.google.com:596                                                                           Expected: true	Actual: true
http://www.google.com:597                                                                           Expected: true	Actual: true
http://www.google.com:598                                                                           Expected: true	Actual: true
http://www.google.com:599                                                                           Expected: true	Actual: true
http://www.google.com:600                                                                           Expected: true	Actual: true
http://www.google.com:601                                                                           Expected: true	Actual: true
http://www.google.com:602                                                                           Expected: true	Actual: true
http://www.google.com:603                                                                           Expected: true	Actual: true
http://www.google.com:604                                                                           Expected: true	Actual: true
http://www.google.com:605                                                                           Expected: true	Actual: true
http://www.google.com:606                                                                           Expected: true	Actual: true
http://www.google.com:607                                                                           Expected: true	Actual: true
http://www.google.com:608                                                                           Expected: true	Actual: true
http://www.google.com:609                                                                           Expected: true	Actual: true
http://www.google.com:610                                                                           Expected: true	Actual: true
http://www.google.com:611                                                                           Expected: true	Actual: true
http://www.google.com:612                                                                           Expected: true	Actual: true
http://www.google.com:613                                                                           Expected: true	Actual: true
http://www.google.com:614                                                                           Expected: true	Actual: true
http://www.google.com:615                                                                           Expected: true	Actual: true
http://www.google.com:616                                                                           Expected: true	Actual: true
http://www.google.com:617                                                                           Expected: true	Actual: true
http://www.google.com:618                                                                           Expected: true	Actual: true
http://www.google.com:619                                                                           Expected: true	Actual: true
http://www.google.com:620                                                                           Expected: true	Actual: true
http://www.google.com:621                                                                           Expected: true	Actual: true
http://www.google.com:622                                                                           Expected: true	Actual: true
http://www.google.com:623                                                                           Expected: true	Actual: true
http://www.google.com:624                                                                           Expected: true	Actual: true
http://www.google.com:625                                                                           Expected: true	Actual: true
http://www.google.com:626                                                                           Expected: true	Actual: true
http://www.google.com:627                                                                           Expected: true	Actual: true
http://www.google.com:628                                                                           Expected: true	Actual: true
http://www.google.com:629                                                                           Expected: true	Actual: true
http://www.google.com:630                                                                           Expected: true	Actual: true
http://www.google.com:631                                                                           Expected: true	Actual: true
http://www.google.com:632                                                                           Expected: true	Actual: true
http://www.google.com:633                                                                           Expected: true	Actual: true
http://www.google.com:634                                                                           Expected: true	Actual: true
http://www.google.com:635                                                                           Expected: true	Actual: true
http://www.google.com:636                                                                           Expected: true	Actual: true
http://www.google.com:637                                                                           Expected: true	Actual: true
http://www.google.com:638                                                                           Expected: true	Actual: true
http://www.google.com:639                                                                           Expected: true	Actual: true
http://www.google.com:640                                                                           Expected: true	Actual: true
http://www.google.com:641                                                                           Expected: true	Actual: true
http://www.google.com:642                                                                           Expected: true	Actual: true
http://www.google.com:643                                                                           Expected: true	Actual: true
http://www.google.com:644                                                                           Expected: true	Actual: true
http://www.google.com:645                                                                           Expected: true	Actual: true
http://www.google.com:646                                                                           Expected: true	Actual: true
http://www.google.com:647                                                                           Expected: true	Actual: true
http://www.google.com:648                                                                           Expected: true	Actual: true
http://www.google.com:649                                                                           Expected: true	Actual: true
http://www.google.com:650                                                                           Expected: true	Actual: true
http://www.google.com:651                                                                           Expected: true	Actual: true
http://www.google.com:652                                                                           Expected: true	Actual: true
http://www.google.com:653                                                                           Expected: true	Actual: true
http://www.google.com:654                                                                           Expected: true	Actual: true
http://www.google.com:655                                                                           Expected: true	Actual: true
http://www.google.com:656                                                                           Expected: true	Actual: true
http://www.google.com:657                                                                           Expected: true	Actual: true
http://www.google.com:658                                                                           Expected: true	Actual: true
http://www.google.com:659                                                                           Expected: true	Actual: true
http://www.google.com:660                                                                           Expected: true	Actual: true
http://www.google.com:661                                                                           Expected: true	Actual: true
http://www.google.com:662                                                                           Expected: true	Actual: true
http://www.google.com:663                                                                           Expected: true	Actual: true
http://www.google.com:664                                                                           Expected: true	Actual: true
http://www.google.com:665                                                                           Expected: true	Actual: true
http://www.google.com:666                                                                           Expected: true	Actual: true
http://www.google.com:667                                                                           Expected: true	Actual: true
http://www.google.com:668                                                                           Expected: true	Actual: true
http://www.google.com:669                                                                           Expected: true	Actual: true
http://www.google.com:670                                                                           Expected: true	Actual: true
http://www.google.com:671                                                                           Expected: true	Actual: true
http://www.google.com:672                                                                           Expected: true	Actual: true
http://www.google.com:673                                                                           Expected: true	Actual: true
http://www.google.com:674                                                                           Expected: true	Actual: true
http://www.google.com:675                                                                           Expected: true	Actual: true
http://www.google.com:676                                                                           Expected: true	Actual: true
http://www.google.com:677                                                                           Expected: true	Actual: true
http://www.google.com:678                                                                           Expected: true	Actual: true
http://www.google.com:679                                                                           Expected: true	Actual: true
http://www.google.com:680                                                                           Expected: true	Actual: true
http://www.google.com:681                                                                           Expected: true	Actual: true
http://www.google.com:682                                                                           Expected: true	Actual: true
http://www.google.com:683                                                                           Expected: true	Actual: true
http://www.google.com:684                                                                           Expected: true	Actual: true
http://www.google.com:685                                                                           Expected: true	Actual: true
http://www.google.com:686                                                                           Expected: true	Actual: true
http://www.google.com:687                                                                           Expected: true	Actual: true
http://www.google.com:688                                                                           Expected: true	Actual: true
http://www.google.com:689                                                                           Expected: true	Actual: true
http://www.google.com:690                                                                           Expected: true	Actual: true
http://www.google.com:691                                                                           Expected: true	Actual: true
http://www.google.com:692                                                                           Expected: true	Actual: true
http://www.google.com:693                                                                           Expected: true	Actual: true
http://www.google.com:694                                                                           Expected: true	Actual: true
http://www.google.com:695                                                                           Expected: true	Actual: true
http://www.google.com:696                                                                           Expected: true	Actual: true
http://www.google.com:697                                                                           Expected: true	Actual: true
http://www.google.com:698                                                                           Expected: true	Actual: true
http://www.google.com:699                                                                           Expected: true	Actual: true
http://www.google.com:700                                                                           Expected: true	Actual: true
http://www.google.com:701                                                                           Expected: true	Actual: true
http://www.google.com:702                                                                           Expected: true	Actual: true
http://www.google.com:703                                                                           Expected: true	Actual: true
http://www.google.com:704                                                                           Expected: true	Actual: true
http://www.google.com:705                                                                           Expected: true	Actual: true
http://www.google.com:706                                                                           Expected: true	Actual: true
http://www.google.com:707                                                                           Expected: true	Actual: true
http://www.google.com:708                                                                           Expected: true	Actual: true
http://www.google.com:709                                                                           Expected: true	Actual: true
http://www.google.com:710                                                                           Expected: true	Actual: true
http://www.google.com:711                                                                           Expected: true	Actual: true
http://www.google.com:712                                                                           Expected: true	Actual: true
http://www.google.com:713                                                                           Expected: true	Actual: true
http://www.google.com:714                                                                           Expected: true	Actual: true
http://www.google.com:715                                                                           Expected: true	Actual: true
http://www.google.com:716                                                                           Expected: true	Actual: true
http://www.google.com:717                                                                           Expected: true	Actual: true
http://www.google.com:718                                                                           Expected: true	Actual: true
http://www.google.com:719                                                                           Expected: true	Actual: true
http://www.google.com:720                                                                           Expected: true	Actual: true
http://www.google.com:721                                                                           Expected: true	Actual: true
http://www.google.com:722                                                                           Expected: true	Actual: true
http://www.google.com:723                                                                           Expected: true	Actual: true
http://www.google.com:724                                                                           Expected: true	Actual: true
http://www.google.com:725                                                                           Expected: true	Actual: true
http://www.google.com:726                                                                           Expected: true	Actual: true
http://www.google.com:727                                                                           Expected: true	Actual: true
http://www.google.com:728                                                                           Expected: true	Actual: true
http://www.google.com:729                                                                           Expected: true	Actual: true
http://www.google.com:730                                                                           Expected: true	Actual: true
http://www.google.com:731                                                                           Expected: true	Actual: true
http://www.google.com:732                                                                           Expected: true	Actual: true
http://www.google.com:733                                                                           Expected: true	Actual: true
http://www.google.com:734                                                                           Expected: true	Actual: true
http://www.google.com:735                                                                           Expected: true	Actual: true
http://www.google.com:736                                                                           Expected: true	Actual: true
http://www.google.com:737                                                                           Expected: true	Actual: true
http://www.google.com:738                                                                           Expected: true	Actual: true
http://www.google.com:739                                                                           Expected: true	Actual: true
http://www.google.com:740                                                                           Expected: true	Actual: true
http://www.google.com:741                                                                           Expected: true	Actual: true
http://www.google.com:742                                                                           Expected: true	Actual: true
http://www.google.com:743                                                                           Expected: true	Actual: true
http://www.google.com:744                                                                           Expected: true	Actual: true
http://www.google.com:745                                                                           Expected: true	Actual: true
http://www.google.com:746                                                                           Expected: true	Actual: true
http://www.google.com:747                                                                           Expected: true	Actual: true
http://www.google.com:748                                                                           Expected: true	Actual: true
http://www.google.com:749                                                                           Expected: true	Actual: true
http://www.google.com:750                                                                           Expected: true	Actual: true
http://www.google.com:751                                                                           Expected: true	Actual: true
http://www.google.com:752                                                                           Expected: true	Actual: true
http://www.google.com:753                                                                           Expected: true	Actual: true
http://www.google.com:754                                                                           Expected: true	Actual: true
http://www.google.com:755                                                                           Expected: true	Actual: true
http://www.google.com:756                                                                           Expected: true	Actual: true
http://www.google.com:757                                                                           Expected: true	Actual: true
http://www.google.com:758                                                                           Expected: true	Actual: true
http://www.google.com:759                                                                           Expected: true	Actual: true
http://www.google.com:760                                                                           Expected: true	Actual: true
http://www.google.com:761                                                                           Expected: true	Actual: true
http://www.google.com:762                                                                           Expected: true	Actual: true
http://www.google.com:763                                                                           Expected: true	Actual: true
http://www.google.com:764                                                                           Expected: true	Actual: true
http://www.google.com:765                                                                           Expected: true	Actual: true
http://www.google.com:766                                                                           Expected: true	Actual: true
http://www.google.com:767                                                                           Expected: true	Actual: true
http://www.google.com:768                                                                           Expected: true	Actual: true
http://www.google.com:769                                                                           Expected: true	Actual: true
http://www.google.com:770                                                                           Expected: true	Actual: true
http://www.google.com:771                                                                           Expected: true	Actual: true
http://www.google.com:772                                                                           Expected: true	Actual: true
http://www.google.com:773                                                                           Expected: true	Actual: true
http://www.google.com:774                                                                           Expected: true	Actual: true
http://www.google.com:775                                                                           Expected: true	Actual: true
http://www.google.com:776                                                                           Expected: true	Actual: true
http://www.google.com:777                                                                           Expected: true	Actual: true
http://www.google.com:778                                                                           Expected: true	Actual: true
http://www.google.com:779                                                                           Expected: true	Actual: true
http://www.google.com:780                                                                           Expected: true	Actual: true
http://www.google.com:781                                                                           Expected: true	Actual: true
http://www.google.com:782                                                                           Expected: true	Actual: true
http://www.google.com:783                                                                           Expected: true	Actual: true
http://www.google.com:784                                                                           Expected: true	Actual: true
http://www.google.com:785                                                                           Expected: true	Actual: true
http://www.google.com:786                                                                           Expected: true	Actual: true
http://www.google.com:787                                                                           Expected: true	Actual: true
http://www.google.com:788                                                                           Expected: true	Actual: true
http://www.google.com:789                                                                           Expected: true	Actual: true
http://www.google.com:790                                                                           Expected: true	Actual: true
http://www.google.com:791                                                                           Expected: true	Actual: true
http://www.google.com:792                                                                           Expected: true	Actual: true
http://www.google.com:793                                                                           Expected: true	Actual: true
http://www.google.com:794                                                                           Expected: true	Actual: true
http://www.google.com:795                                                                           Expected: true	Actual: true
http://www.google.com:796                                                                           Expected: true	Actual: true
http://www.google.com:797                                                                           Expected: true	Actual: true
http://www.google.com:798                                                                           Expected: true	Actual: true
http://www.google.com:799                                                                           Expected: true	Actual: true
http://www.google.com:800                                                                           Expected: true	Actual: true
http://www.google.com:801                                                                           Expected: true	Actual: true
http://www.google.com:802                                                                           Expected: true	Actual: true
http://www.google.com:803                                                                           Expected: true	Actual: true
http://www.google.com:804                                                                           Expected: true	Actual: true
http://www.google.com:805                                                                           Expected: true	Actual: true
http://www.google.com:806                                                                           Expected: true	Actual: true
http://www.google.com:807                                                                           Expected: true	Actual: true
http://www.google.com:808                                                                           Expected: true	Actual: true
http://www.google.com:809                                                                           Expected: true	Actual: true
http://www.google.com:810                                                                           Expected: true	Actual: true
http://www.google.com:811                                                                           Expected: true	Actual: true
http://www.google.com:812                                                                           Expected: true	Actual: true
http://www.google.com:813                                                                           Expected: true	Actual: true
http://www.google.com:814                                                                           Expected: true	Actual: true
http://www.google.com:815                                                                           Expected: true	Actual: true
http://www.google.com:816                                                                           Expected: true	Actual: true
http://www.google.com:817                                                                           Expected: true	Actual: true
http://www.google.com:818                                                                           Expected: true	Actual: true
http://www.google.com:819                                                                           Expected: true	Actual: true
http://www.google.com:820                                                                           Expected: true	Actual: true
http://www.google.com:821                                                                           Expected: true	Actual: true
http://www.google.com:822                                                                           Expected: true	Actual: true
http://www.google.com:823                                                                           Expected: true	Actual: true
http://www.google.com:824                                                                           Expected: true	Actual: true
http://www.google.com:825                                                                           Expected: true	Actual: true
http://www.google.com:826                                                                           Expected: true	Actual: true
http://www.google.com:827                                                                           Expected: true	Actual: true
http://www.google.com:828                                                                           Expected: true	Actual: true
http://www.google.com:829                                                                           Expected: true	Actual: true
http://www.google.com:830                                                                           Expected: true	Actual: true
http://www.google.com:831                                                                           Expected: true	Actual: true
http://www.google.com:832                                                                           Expected: true	Actual: true
http://www.google.com:833                                                                           Expected: true	Actual: true
http://www.google.com:834                                                                           Expected: true	Actual: true
http://www.google.com:835                                                                           Expected: true	Actual: true
http://www.google.com:836                                                                           Expected: true	Actual: true
http://www.google.com:837                                                                           Expected: true	Actual: true
http://www.google.com:838                                                                           Expected: true	Actual: true
http://www.google.com:839                                                                           Expected: true	Actual: true
http://www.google.com:840                                                                           Expected: true	Actual: true
http://www.google.com:841                                                                           Expected: true	Actual: true
http://www.google.com:842                                                                           Expected: true	Actual: true
http://www.google.com:843                                                                           Expected: true	Actual: true
http://www.google.com:844                                                                           Expected: true	Actual: true
http://www.google.com:845                                                                           Expected: true	Actual: true
http://www.google.com:846                                                                           Expected: true	Actual: true
http://www.google.com:847                                                                           Expected: true	Actual: true
http://www.google.com:848                                                                           Expected: true	Actual: true
http://www.google.com:849                                                                           Expected: true	Actual: true
http://www.google.com:850                                                                           Expected: true	Actual: true
http://www.google.com:851                                                                           Expected: true	Actual: true
http://www.google.com:852                                                                           Expected: true	Actual: true
http://www.google.com:853                                                                           Expected: true	Actual: true
http://www.google.com:854                                                                           Expected: true	Actual: true
http://www.google.com:855                                                                           Expected: true	Actual: true
http://www.google.com:856                                                                           Expected: true	Actual: true
http://www.google.com:857                                                                           Expected: true	Actual: true
http://www.google.com:858                                                                           Expected: true	Actual: true
http://www.google.com:859                                                                           Expected: true	Actual: true
http://www.google.com:860                                                                           Expected: true	Actual: true
http://www.google.com:861                                                                           Expected: true	Actual: true
http://www.google.com:862                                                                           Expected: true	Actual: true
http://www.google.com:863                                                                           Expected: true	Actual: true
http://www.google.com:864                                                                           Expected: true	Actual: true
http://www.google.com:865                                                                           Expected: true	Actual: true
http://www.google.com:866                                                                           Expected: true	Actual: true
http://www.google.com:867                                                                           Expected: true	Actual: true
http://www.google.com:868                                                                           Expected: true	Actual: true
http://www.google.com:869                                                                           Expected: true	Actual: true
http://www.google.com:870                                                                           Expected: true	Actual: true
http://www.google.com:871                                                                           Expected: true	Actual: true
http://www.google.com:872                                                                           Expected: true	Actual: true
http://www.google.com:873                                                                           Expected: true	Actual: true
http://www.google.com:874                                                                           Expected: true	Actual: true
http://www.google.com:875                                                                           Expected: true	Actual: true
http://www.google.com:876                                                                           Expected: true	Actual: true
http://www.google.com:877                                                                           Expected: true	Actual: true
http://www.google.com:878                                                                           Expected: true	Actual: true
http://www.google.com:879                                                                           Expected: true	Actual: true
http://www.google.com:880                                                                           Expected: true	Actual: true
http://www.google.com:881                                                                           Expected: true	Actual: true
http://www.google.com:882                                                                           Expected: true	Actual: true
http://www.google.com:883                                                                           Expected: true	Actual: true
http://www.google.com:884                                                                           Expected: true	Actual: true
http://www.google.com:885                                                                           Expected: true	Actual: true
http://www.google.com:886                                                                           Expected: true	Actual: true
http://www.google.com:887                                                                           Expected: true	Actual: true
http://www.google.com:888                                                                           Expected: true	Actual: true
http://www.google.com:889                                                                           Expected: true	Actual: true
http://www.google.com:890                                                                           Expected: true	Actual: true
http://www.google.com:891                                                                           Expected: true	Actual: true
http://www.google.com:892                                                                           Expected: true	Actual: true
http://www.google.com:893                                                                           Expected: true	Actual: true
http://www.google.com:894                                                                           Expected: true	Actual: true
http://www.google.com:895                                                                           Expected: true	Actual: true
http://www.google.com:896                                                                           Expected: true	Actual: true
http://www.google.com:897                                                                           Expected: true	Actual: true
http://www.google.com:898                                                                           Expected: true	Actual: true
http://www.google.com:899                                                                           Expected: true	Actual: true
http://www.google.com:900                                                                           Expected: true	Actual: true
http://www.google.com:901                                                                           Expected: true	Actual: true
http://www.google.com:902                                                                           Expected: true	Actual: true
http://www.google.com:903                                                                           Expected: true	Actual: true
http://www.google.com:904                                                                           Expected: true	Actual: true
http://www.google.com:905                                                                           Expected: true	Actual: true
http://www.google.com:906                                                                           Expected: true	Actual: true
http://www.google.com:907                                                                           Expected: true	Actual: true
http://www.google.com:908                                                                           Expected: true	Actual: true
http://www.google.com:909                                                                           Expected: true	Actual: true
http://www.google.com:910                                                                           Expected: true	Actual: true
http://www.google.com:911                                                                           Expected: true	Actual: true
http://www.google.com:912                                                                           Expected: true	Actual: true
http://www.google.com:913                                                                           Expected: true	Actual: true
http://www.google.com:914                                                                           Expected: true	Actual: true
http://www.google.com:915                                                                           Expected: true	Actual: true
http://www.google.com:916                                                                           Expected: true	Actual: true
http://www.google.com:917                                                                           Expected: true	Actual: true
http://www.google.com:918                                                                           Expected: true	Actual: true
http://www.google.com:919                                                                           Expected: true	Actual: true
http://www.google.com:920                                                                           Expected: true	Actual: true
http://www.google.com:921                                                                           Expected: true	Actual: true
http://www.google.com:922                                                                           Expected: true	Actual: true
http://www.google.com:923                                                                           Expected: true	Actual: true
http://www.google.com:924                                                                           Expected: true	Actual: true
http://www.google.com:925                                                                           Expected: true	Actual: true
http://www.google.com:926                                                                           Expected: true	Actual: true
http://www.google.com:927                                                                           Expected: true	Actual: true
http://www.google.com:928                                                                           Expected: true	Actual: true
http://www.google.com:929                                                                           Expected: true	Actual: true
http://www.google.com:930                                                                           Expected: true	Actual: true
http://www.google.com:931                                                                           Expected: true	Actual: true
http://www.google.com:932                                                                           Expected: true	Actual: true
http://www.google.com:933                                                                           Expected: true	Actual: true
http://www.google.com:934                                                                           Expected: true	Actual: true
http://www.google.com:935                                                                           Expected: true	Actual: true
http://www.google.com:936                                                                           Expected: true	Actual: true
http://www.google.com:937                                                                           Expected: true	Actual: true
http://www.google.com:938                                                                           Expected: true	Actual: true
http://www.google.com:939                                                                           Expected: true	Actual: true
http://www.google.com:940                                                                           Expected: true	Actual: true
http://www.google.com:941                                                                           Expected: true	Actual: true
http://www.google.com:942                                                                           Expected: true	Actual: true
http://www.google.com:943                                                                           Expected: true	Actual: true
http://www.google.com:944                                                                           Expected: true	Actual: true
http://www.google.com:945                                                                           Expected: true	Actual: true
http://www.google.com:946                                                                           Expected: true	Actual: true
http://www.google.com:947                                                                           Expected: true	Actual: true
http://www.google.com:948                                                                           Expected: true	Actual: true
http://www.google.com:949                                                                           Expected: true	Actual: true
http://www.google.com:950                                                                           Expected: true	Actual: true
http://www.google.com:951                                                                           Expected: true	Actual: true
http://www.google.com:952                                                                           Expected: true	Actual: true
http://www.google.com:953                                                                           Expected: true	Actual: true
http://www.google.com:954                                                                           Expected: true	Actual: true
http://www.google.com:955                                                                           Expected: true	Actual: true
http://www.google.com:956                                                                           Expected: true	Actual: true
http://www.google.com:957                                                                           Expected: true	Actual: true
http://www.google.com:958                                                                           Expected: true	Actual: true
http://www.google.com:959                                                                           Expected: true	Actual: true
http://www.google.com:960                                                                           Expected: true	Actual: true
http://www.google.com:961                                                                           Expected: true	Actual: true
http://www.google.com:962                                                                           Expected: true	Actual: true
http://www.google.com:963                                                                           Expected: true	Actual: true
http://www.google.com:964                                                                           Expected: true	Actual: true
http://www.google.com:965                                                                           Expected: true	Actual: true
http://www.google.com:966                                                                           Expected: true	Actual: true
http://www.google.com:967                                                                           Expected: true	Actual: true
http://www.google.com:968                                                                           Expected: true	Actual: true
http://www.google.com:969                                                                           Expected: true	Actual: true
http://www.google.com:970                                                                           Expected: true	Actual: true
http://www.google.com:971                                                                           Expected: true	Actual: true
http://www.google.com:972                                                                           Expected: true	Actual: true
http://www.google.com:973                                                                           Expected: true	Actual: true
http://www.google.com:974                                                                           Expected: true	Actual: true
http://www.google.com:975                                                                           Expected: true	Actual: true
http://www.google.com:976                                                                           Expected: true	Actual: true
http://www.google.com:977                                                                           Expected: true	Actual: true
http://www.google.com:978                                                                           Expected: true	Actual: true
http://www.google.com:979                                                                           Expected: true	Actual: true
http://www.google.com:980                                                                           Expected: true	Actual: true
http://www.google.com:981                                                                           Expected: true	Actual: true
http://www.google.com:982                                                                           Expected: true	Actual: true
http://www.google.com:983                                                                           Expected: true	Actual: true
http://www.google.com:984                                                                           Expected: true	Actual: true
http://www.google.com:985                                                                           Expected: true	Actual: true
http://www.google.com:986                                                                           Expected: true	Actual: true
http://www.google.com:987                                                                           Expected: true	Actual: true
http://www.google.com:988                                                                           Expected: true	Actual: true
http://www.google.com:989                                                                           Expected: true	Actual: true
http://www.google.com:990                                                                           Expected: true	Actual: true
http://www.google.com:991                                                                           Expected: true	Actual: true
http://www.google.com:992                                                                           Expected: true	Actual: true
http://www.google.com:993                                                                           Expected: true	Actual: true
http://www.google.com:994                                                                           Expected: true	Actual: true
http://www.google.com:995                                                                           Expected: true	Actual: true
http://www.google.com:996                                                                           Expected: true	Actual: true
http://www.google.com:997                                                                           Expected: true	Actual: true
http://www.google.com:998                                                                           Expected: true	Actual: true
http://www.google.com:999                                                                           Expected: true	Actual: true
http://www.google.com:1000                                                                          Expected: true	Actual: false
</system-out>
  </testcase>
  <testcase classname="finalprojectB.UrlValidatorTest" name="testIsValid" time="0.001">
    <failure message="http://www.google.com/test1/test1 expected:&lt;true&gt; but was:&lt;false&gt;" type="junit.framework.AssertionFailedError">junit.framework.AssertionFailedError: http://www.google.com/test1/test1 expected:&lt;true&gt; but was:&lt;false&gt;
	at junit.framework.Assert.fail(Assert.java:57)
	at junit.framework.Assert.failNotEquals(Assert.java:329)
	at junit.framework.Assert.assertEquals(Assert.java:78)
	at junit.framework.Assert.assertEquals(Assert.java:174)
	at junit.framework.TestCase.assertEquals(TestCase.java:333)
	at finalprojectB.UrlValidatorTest.testIsValid(UrlValidatorTest.java:252)
	at sun.reflect.NativeMethodAccessorImpl.invoke0(Native Method)
	at sun.reflect.NativeMethodAccessorImpl.invoke(NativeMethodAccessorImpl.java:62)
	at sun.reflect.DelegatingMethodAccessorImpl.invoke(DelegatingMethodAccessorImpl.java:43)
	at java.lang.reflect.Method.invoke(Method.java:498)
	at junit.framework.TestCase.runTest(TestCase.java:176)
	at junit.framework.TestCase.runBare(TestCase.java:141)
	at junit.framework.TestResult$1.protect(TestResult.java:122)
	at junit.framework.TestResult.runProtected(TestResult.java:142)
	at junit.framework.TestResult.run(TestResult.java:125)
	at junit.framework.TestCase.run(TestCase.java:129)
	at junit.framework.TestSuite.runTest(TestSuite.java:252)
	at junit.framework.TestSuite.run(TestSuite.java:247)
	at org.junit.internal.runners.JUnit38ClassRunner.run(JUnit38ClassRunner.java:86)
	at org.apache.maven.surefire.junit4.JUnit4Provider.execute(JUnit4Provider.java:252)
	at org.apache.maven.surefire.junit4.JUnit4Provider.executeTestSet(JUnit4Provider.java:141)
	at org.apache.maven.surefire.junit4.JUnit4Provider.invoke(JUnit4Provider.java:112)
	at sun.reflect.NativeMethodAccessorImpl.invoke0(Native Method)
	at sun.reflect.NativeMethodAccessorImpl.invoke(NativeMethodAccessorImpl.java:62)
	at sun.reflect.DelegatingMethodAccessorImpl.invoke(DelegatingMethodAccessorImpl.java:43)
	at java.lang.reflect.Method.invoke(Method.java:498)
	at org.apache.maven.surefire.util.ReflectionUtils.invokeMethodWithArray(ReflectionUtils.java:189)
	at org.apache.maven.surefire.booter.ProviderFactory$ProviderProxy.invoke(ProviderFactory.java:165)
	at org.apache.maven.surefire.booter.ProviderFactory.invokeProvider(ProviderFactory.java:85)
	at org.apache.maven.surefire.booter.ForkedBooter.runSuitesInProcess(ForkedBooter.java:115)
	at org.apache.maven.surefire.booter.ForkedBooter.main(ForkedBooter.java:75)
</failure>
    <system-out>
Unit test:
http://www.google.com/test1/test1                                                                   Expected: true	Actual: false
</system-out>
  </testcase>
</testsuite>